#
# There is insufficient memory for the Java Runtime Environment to continue.
# Native memory allocation (mmap) failed to map 134217728 bytes for Failed to commit area from 0x0000000081c00000 to 0x0000000089c00000 of length 134217728.
# Possible reasons:
#   The system is out of physical RAM or swap space
#   The process is running with CompressedOops enabled, and the Java Heap may be blocking the growth of the native heap
# Possible solutions:
#   Reduce memory load on the system
#   Increase physical memory or swap space
#   Check if swap backing store is full
#   Decrease Java heap size (-Xmx/-Xms)
#   Decrease number of Java threads
#   Decrease Java thread stack sizes (-Xss)
#   Set larger code cache with -XX:ReservedCodeCacheSize=
# This output file may be truncated or incomplete.
#
#  Out of Memory Error (c:/BuildAgent/work/5ff2f6c26000d570/src/hotspot/os/windows/os_windows.cpp:3272), pid=26336, tid=17768
#
# JRE version:  (11.0.3+12) (build )
# Java VM: OpenJDK 64-Bit Server VM (11.0.3+12-b304.56, mixed mode, aot, sharing, tiered, compressed oops, g1 gc, windows-amd64)
# No core dump will be written. Minidumps are not enabled by default on client versions of Windows
#

---------------  S U M M A R Y ------------

Command Line: org.jetbrains.git4idea.http.GitAskPassApp Username for 'https://github.com': 

Host: Intel(R) Core(TM) i5-8250U CPU @ 1.60GHz, 8 cores, 7G,  Windows 10 , 64 bit Build 17134 (10.0.17134.753)
Time: Thu Mar 12 18:11:08 2020 GMT Standard Time elapsed time: 0 seconds (0d 0h 0m 0s)

---------------  T H R E A D  ---------------

Current thread (0x00000153f8936800):  JavaThread "Unknown thread" [_thread_in_vm, id=17768, stack(0x00000042f0700000,0x00000042f0800000)]

Stack: [0x00000042f0700000,0x00000042f0800000]
Native frames: (J=compiled Java code, j=interpreted, Vv=VM code, C=native code)
V  [jvm.dll+0x5da77a]
V  [jvm.dll+0x70b9c9]
V  [jvm.dll+0x70cee8]
V  [jvm.dll+0x70d5b3]
V  [jvm.dll+0x23ddc8]
V  [jvm.dll+0x5d7ef4]
V  [jvm.dll+0x5ccfc5]
V  [jvm.dll+0x2fa44b]
V  [jvm.dll+0x2fa3ba]
V  [jvm.dll+0x2fa292]
V  [jvm.dll+0x2ff156]
V  [jvm.dll+0x3474c3]
V  [jvm.dll+0x347bc6]
V  [jvm.dll+0x3475c3]
V  [jvm.dll+0x2d4f68]
V  [jvm.dll+0x2d6107]
V  [jvm.dll+0x6eabf7]
V  [jvm.dll+0x6ec38c]
V  [jvm.dll+0x354c29]
V  [jvm.dll+0x6d28ae]
V  [jvm.dll+0x3bd363]
V  [jvm.dll+0x3bf7a1]
C  [java.exe+0x3763]
C  [java.exe+0x17a0c]
C  [KERNEL32.DLL+0x14034]
C  [ntdll.dll+0x73691]


---------------  P R O C E S S  ---------------

Threads class SMR info:
_java_thread_list=0x00000153f67017d0, length=0, elements={
}

Java Threads: ( => current thread )

Other Threads:
  0x00000153f8948800 GCTaskThread "GC Thread#0" [stack: 0x00000042f0800000,0x00000042f0900000] [id=28660]
  0x00000153f897a800 ConcurrentGCThread "G1 Main Marker" [stack: 0x00000042f0900000,0x00000042f0a00000] [id=26844]
  0x00000153f897c000 ConcurrentGCThread "G1 Conc#0" [stack: 0x00000042f0a00000,0x00000042f0b00000] [id=18560]

[error occurred during error reporting (printing all threads), id 0xc0000005, EXCEPTION_ACCESS_VIOLATION (0xc0000005) at pc=0x00007ffe40895507]

VM state:not at safepoint (not fully initialized)

VM Mutex/Monitor currently owned by a thread:  ([mutex/lock_event])
[0x00000153f8934490] Heap_lock - owner thread: 0x00000153f8936800

Heap address: 0x0000000081c00000, size: 2020 MB, Compressed Oops mode: Non-zero based: 0x0000000081c00000
Narrow klass base: 0x0000000000000000, Narrow klass shift: 0

GC Heap History (0 events):
No events

Deoptimization events (0 events):
No events

Classes redefined (0 events):
No events

Internal exceptions (0 events):
No events

Events (0 events):
No events


Dynamic libraries:
0x00007ff668bf0000 - 0x00007ff668c37000 	C:\Program Files\JetBrains\IntelliJ IDEA 2019.2.2\jbr\bin\java.exe
0x00007ffe9e570000 - 0x00007ffe9e751000 	C:\WINDOWS\SYSTEM32\ntdll.dll
0x00007ffe9bc10000 - 0x00007ffe9bcc1000 	C:\WINDOWS\System32\KERNEL32.DLL
0x00007ffe9b5d0000 - 0x00007ffe9b843000 	C:\WINDOWS\System32\KERNELBASE.dll
0x00007ffe9c290000 - 0x00007ffe9c421000 	C:\WINDOWS\System32\USER32.dll
0x00007ffe9a9c0000 - 0x00007ffe9a9e0000 	C:\WINDOWS\System32\win32u.dll
0x00007ffe9bd30000 - 0x00007ffe9bd58000 	C:\WINDOWS\System32\GDI32.dll
0x00007ffe9b430000 - 0x00007ffe9b5c1000 	C:\WINDOWS\System32\gdi32full.dll
0x00007ffe9a920000 - 0x00007ffe9a9bf000 	C:\WINDOWS\System32\msvcp_win.dll
0x00007ffe9b330000 - 0x00007ffe9b428000 	C:\WINDOWS\System32\ucrtbase.dll
0x00007ffe89e70000 - 0x00007ffe8a0d9000 	C:\WINDOWS\WinSxS\amd64_microsoft.windows.common-controls_6595b64144ccf1df_6.0.17134.1130_none_d3ff42617c90becf\COMCTL32.dll
0x00007ffe9dad0000 - 0x00007ffe9db6e000 	C:\WINDOWS\System32\msvcrt.dll
0x00007ffe9db70000 - 0x00007ffe9de91000 	C:\WINDOWS\System32\combase.dll
0x00007ffe9bad0000 - 0x00007ffe9bbf4000 	C:\WINDOWS\System32\RPCRT4.dll
0x00007ffe9b960000 - 0x00007ffe9b9d9000 	C:\WINDOWS\System32\bcryptPrimitives.dll
0x00007ffe9b9e0000 - 0x00007ffe9ba0d000 	C:\WINDOWS\System32\IMM32.DLL
0x00007ffe89590000 - 0x00007ffe895a7000 	C:\Program Files\JetBrains\IntelliJ IDEA 2019.2.2\jbr\bin\vcruntime140.dll
0x00007ffe6c200000 - 0x00007ffe6c29d000 	C:\Program Files\JetBrains\IntelliJ IDEA 2019.2.2\jbr\bin\msvcp140.dll
0x00007ffe405b0000 - 0x00007ffe41067000 	C:\Program Files\JetBrains\IntelliJ IDEA 2019.2.2\jbr\bin\server\jvm.dll
0x00007ffe9dea0000 - 0x00007ffe9df41000 	C:\WINDOWS\System32\ADVAPI32.dll
0x00007ffe9e260000 - 0x00007ffe9e2bb000 	C:\WINDOWS\System32\sechost.dll
0x00007ffe9bc00000 - 0x00007ffe9bc08000 	C:\WINDOWS\System32\PSAPI.DLL
0x00007ffe97d80000 - 0x00007ffe97da3000 	C:\WINDOWS\SYSTEM32\WINMM.dll
0x00007ffe87f70000 - 0x00007ffe87f79000 	C:\WINDOWS\SYSTEM32\WSOCK32.dll
0x00007ffe99440000 - 0x00007ffe9944a000 	C:\WINDOWS\SYSTEM32\VERSION.dll
0x00007ffe9d880000 - 0x00007ffe9d8ec000 	C:\WINDOWS\System32\WS2_32.dll
0x00007ffe97930000 - 0x00007ffe9795a000 	C:\WINDOWS\SYSTEM32\WINMMBASE.dll
0x00007ffe9abd0000 - 0x00007ffe9ac19000 	C:\WINDOWS\System32\cfgmgr32.dll
0x00007ffe9a900000 - 0x00007ffe9a911000 	C:\WINDOWS\System32\kernel.appcore.dll
0x00007ffe6cb50000 - 0x00007ffe6cb61000 	C:\Program Files\JetBrains\IntelliJ IDEA 2019.2.2\jbr\bin\verify.dll
0x00007ffe98710000 - 0x00007ffe988d9000 	C:\WINDOWS\SYSTEM32\DBGHELP.DLL
0x00007ffe87f40000 - 0x00007ffe87f69000 	C:\WINDOWS\SYSTEM32\dbgcore.DLL
0x00007ffe65c90000 - 0x00007ffe65cb9000 	C:\Program Files\JetBrains\IntelliJ IDEA 2019.2.2\jbr\bin\java.dll
0x00007ffe6b100000 - 0x00007ffe6b117000 	C:\Program Files\JetBrains\IntelliJ IDEA 2019.2.2\jbr\bin\zip.dll
0x00007ffe8a8c0000 - 0x00007ffe8a8cb000 	C:\Program Files\JetBrains\IntelliJ IDEA 2019.2.2\jbr\bin\jimage.dll

dbghelp: loaded successfully - version: 4.0.5 - missing functions: none
symbol engine: initialized successfully - sym options: 0x614 - pdb path: .;C:\Program Files\JetBrains\IntelliJ IDEA 2019.2.2\jbr\bin;C:\WINDOWS\SYSTEM32;C:\WINDOWS\WinSxS\amd64_microsoft.windows.common-controls_6595b64144ccf1df_6.0.17134.1130_none_d3ff42617c90becf;C:\Program Files\JetBrains\IntelliJ IDEA 2019.2.2\jbr\bin\server

VM Arguments:
java_command: org.jetbrains.git4idea.http.GitAskPassApp Username for 'https://github.com': 
java_class_path (initial): C:/Program Files/JetBrains/IntelliJ IDEA 2019.2.2/plugins/git4idea/lib/git4idea-rt.jar;C:/Program Files/JetBrains/IntelliJ IDEA 2019.2.2/lib/xmlrpc-2.0.1.jar;C:/Program Files/JetBrains/IntelliJ IDEA 2019.2.2/lib/commons-codec-1.13.jar;C:/Program Files/JetBrains/IntelliJ IDEA 2019.2.2/lib/util.jar
Launcher Type: SUN_STANDARD

[Global flags]
     intx CICompilerCount                          = 4                                         {product} {ergonomic}
     uint ConcGCThreads                            = 2                                         {product} {ergonomic}
     uint G1ConcRefinementThreads                  = 8                                         {product} {ergonomic}
   size_t G1HeapRegionSize                         = 1048576                                   {product} {ergonomic}
    uintx GCDrainStackTargetSize                   = 64                                        {product} {ergonomic}
   size_t InitialHeapSize                          = 134217728                                 {product} {ergonomic}
   size_t MarkStackSize                            = 4194304                                   {product} {ergonomic}
   size_t MaxHeapSize                              = 2118123520                                {product} {ergonomic}
   size_t MinHeapDeltaBytes                        = 1048576                                   {product} {ergonomic}
    uintx NonNMethodCodeHeapSize                   = 5835340                                {pd product} {ergonomic}
    uintx NonProfiledCodeHeapSize                  = 122911450                              {pd product} {ergonomic}
    uintx ProfiledCodeHeapSize                     = 122911450                              {pd product} {ergonomic}
    uintx ReservedCodeCacheSize                    = 251658240                              {pd product} {ergonomic}
     bool SegmentedCodeCache                       = true                                      {product} {ergonomic}
     bool UseCompressedClassPointers               = true                                 {lp64_product} {ergonomic}
     bool UseCompressedOops                        = true                                 {lp64_product} {ergonomic}
     bool UseG1GC                                  = true                                      {product} {ergonomic}
     bool UseLargePagesIndividualAllocation        = false                                  {pd product} {ergonomic}

Logging:
Log output configuration:
 #0: stdout all=warning uptime,level,tags
 #1: stderr all=off uptime,level,tags

Environment Variables:
PATH=C:\Program Files\Git\mingw64\libexec\git-core;C:\Program Files\Git\mingw64\libexec\git-core;C:\Program Files\Git\mingw64\bin;C:\Program Files\Git\usr\bin;C:\Users\Kier\bin;C:\Program Files (x86)\Common Files\Oracle\Java\javapath;C:\Program Files (x86)\Intel\Intel(R) Management Engine Components\iCLS;C:\Program Files\Intel\Intel(R) Management Engine Components\iCLS;C:\WINDOWS\system32;C:\WINDOWS;C:\WINDOWS\System32\Wbem;C:\WINDOWS\System32\WindowsPowerShell\v1.0;C:\Program Files (x86)\Intel\Intel(R) Management Engine Components\DAL;C:\Program Files\Intel\Intel(R) Management Engine Components\DAL;C:\Program Files (x86)\Intel\Intel(R) Management Engine Components\IPT;C:\Program Files\Intel\Intel(R) Management Engine Components\IPT;C:\MinGW\bin;C:\WINDOWS\System32\OpenSSH;C:\cygwin\bin;C:\Program Files\Git\cmd;C:\Program Files\Java\jdk1.8.0_221\bin;C:\Users\Kier\AppData\Local\Microsoft\WindowsApps;C:\MinGW\bin;C:\ProgramData\Kier\atom\bin;C:\Users\Kier\AppData\Local\atom\bin;C:\Users\Kier\AppData\Local\Microsoft\WindowsApps;C:\Program Files\Sleuthkit\sleuthkit-win32-4.0.2\bin;C:\Program Files\Testdisk\testdisk-7.1-WIP;C:\Program Files\JetBrains\IntelliJ IDEA 2019.2.2\bin;C:\Program Files\Java\jdk-13.0.2\bin
USERNAME=Kier
DISPLAY=:0.0
OS=Windows_NT
PROCESSOR_IDENTIFIER=Intel64 Family 6 Model 142 Stepping 10, GenuineIntel



---------------  S Y S T E M  ---------------

OS: Windows 10 , 64 bit Build 17134 (10.0.17134.753)

CPU:total 8 (initial active 8) (4 cores per cpu, 2 threads per core) family 6 model 142 stepping 10, cmov, cx8, fxsr, mmx, sse, sse2, sse3, ssse3, sse4.1, sse4.2, popcnt, avx, avx2, aes, clmul, erms, 3dnowpref, lzcnt, ht, tsc, tscinvbit, bmi1, bmi2, adx, fma

Memory: 4k page, system-wide physical 8075M (1299M free)
TotalPageFile size 12266M (AvailPageFile size 109M)
current process WorkingSet (physical memory assigned to process): 9M, peak: 9M
current process commit charge ("private bytes"): 60M, peak: 188M

vm_info: OpenJDK 64-Bit Server VM (11.0.3+12-b304.56) for windows-amd64 JRE (11.0.3+12-b304.56), built on Sep  3 2019 10:54:25 by "" with MS VC++ 14.0 (VS2015)

END.
