#
# There is insufficient memory for the Java Runtime Environment to continue.
# Native memory allocation (mmap) failed to map 134217728 bytes for Failed to commit area from 0x0000000081c00000 to 0x0000000089c00000 of length 134217728.
# Possible reasons:
#   The system is out of physical RAM or swap space
#   The process is running with CompressedOops enabled, and the Java Heap may be blocking the growth of the native heap
# Possible solutions:
#   Reduce memory load on the system
#   Increase physical memory or swap space
#   Check if swap backing store is full
#   Decrease Java heap size (-Xmx/-Xms)
#   Decrease number of Java threads
#   Decrease Java thread stack sizes (-Xss)
#   Set larger code cache with -XX:ReservedCodeCacheSize=
# This output file may be truncated or incomplete.
#
#  Out of Memory Error (c:/BuildAgent/work/5ff2f6c26000d570/src/hotspot/os/windows/os_windows.cpp:3272), pid=24688, tid=2652
#
# JRE version:  (11.0.3+12) (build )
# Java VM: OpenJDK 64-Bit Server VM (11.0.3+12-b304.56, mixed mode, aot, sharing, tiered, compressed oops, g1 gc, windows-amd64)
# No core dump will be written. Minidumps are not enabled by default on client versions of Windows
#

---------------  S U M M A R Y ------------

Command Line: org.jetbrains.git4idea.http.GitAskPassApp Username for 'https://github.com': 

Host: Intel(R) Core(TM) i5-8250U CPU @ 1.60GHz, 8 cores, 7G,  Windows 10 , 64 bit Build 17134 (10.0.17134.753)
Time: Fri Mar 13 14:49:14 2020 GMT Standard Time elapsed time: 0 seconds (0d 0h 0m 0s)

---------------  T H R E A D  ---------------

Current thread (0x0000028822ec6000):  JavaThread "Unknown thread" [_thread_in_vm, id=2652, stack(0x000000fd63d00000,0x000000fd63e00000)]

Stack: [0x000000fd63d00000,0x000000fd63e00000]
Native frames: (J=compiled Java code, j=interpreted, Vv=VM code, C=native code)
V  [jvm.dll+0x5da77a]
V  [jvm.dll+0x70b9c9]
V  [jvm.dll+0x70cee8]
V  [jvm.dll+0x70d5b3]
V  [jvm.dll+0x23ddc8]
V  [jvm.dll+0x5d7ef4]
V  [jvm.dll+0x5ccfc5]
V  [jvm.dll+0x2fa44b]
V  [jvm.dll+0x2fa3ba]
V  [jvm.dll+0x2fa292]
V  [jvm.dll+0x2ff156]
V  [jvm.dll+0x3474c3]
V  [jvm.dll+0x347bc6]
V  [jvm.dll+0x3475c3]
V  [jvm.dll+0x2d4f68]
V  [jvm.dll+0x2d6107]
V  [jvm.dll+0x6eabf7]
V  [jvm.dll+0x6ec38c]
V  [jvm.dll+0x354c29]
V  [jvm.dll+0x6d28ae]
V  [jvm.dll+0x3bd363]
V  [jvm.dll+0x3bf7a1]
C  [java.exe+0x3763]
C  [java.exe+0x17a0c]
C  [KERNEL32.DLL+0x14034]
C  [ntdll.dll+0x73691]


---------------  P R O C E S S  ---------------

Threads class SMR info:
_java_thread_list=0x0000028820cc6c40, length=0, elements={
}

Java Threads: ( => current thread )

Other Threads:
  0x0000028822ed8800 GCTaskThread "GC Thread#0" [stack: 0x000000fd63e00000,0x000000fd63f00000] [id=2200]
  0x0000028822f0a800 ConcurrentGCThread "G1 Main Marker" [stack: 0x000000fd63f00000,0x000000fd64000000] [id=5220]
  0x0000028822f0c000 ConcurrentGCThread "G1 Conc#0" [stack: 0x000000fd64000000,0x000000fd64100000] [id=23248]

[error occurred during error reporting (printing all threads), id 0xc0000005, EXCEPTION_ACCESS_VIOLATION (0xc0000005) at pc=0x00007ffa61a95507]

VM state:not at safepoint (not fully initialized)

VM Mutex/Monitor currently owned by a thread:  ([mutex/lock_event])
[0x0000028822ec5b50] Heap_lock - owner thread: 0x0000028822ec6000

Heap address: 0x0000000081c00000, size: 2020 MB, Compressed Oops mode: Non-zero based: 0x0000000081c00000
Narrow klass base: 0x0000000000000000, Narrow klass shift: 0

GC Heap History (0 events):
No events

Deoptimization events (0 events):
No events

Classes redefined (0 events):
No events

Internal exceptions (0 events):
No events

Events (0 events):
No events


Dynamic libraries:
0x00007ff6cb6d0000 - 0x00007ff6cb717000 	C:\Program Files\JetBrains\IntelliJ IDEA 2019.2.2\jbr\bin\java.exe
0x00007ffabb530000 - 0x00007ffabb711000 	C:\WINDOWS\SYSTEM32\ntdll.dll
0x00007ffab91e0000 - 0x00007ffab9291000 	C:\WINDOWS\System32\KERNEL32.DLL
0x00007ffab85d0000 - 0x00007ffab8843000 	C:\WINDOWS\System32\KERNELBASE.dll
0x00007ffab95d0000 - 0x00007ffab9761000 	C:\WINDOWS\System32\USER32.dll
0x00007ffab78e0000 - 0x00007ffab7900000 	C:\WINDOWS\System32\win32u.dll
0x00007ffab92a0000 - 0x00007ffab92c8000 	C:\WINDOWS\System32\GDI32.dll
0x00007ffab8430000 - 0x00007ffab85c1000 	C:\WINDOWS\System32\gdi32full.dll
0x00007ffab7900000 - 0x00007ffab799f000 	C:\WINDOWS\System32\msvcp_win.dll
0x00007ffab8850000 - 0x00007ffab8948000 	C:\WINDOWS\System32\ucrtbase.dll
0x00007ffaa0e40000 - 0x00007ffaa10a9000 	C:\WINDOWS\WinSxS\amd64_microsoft.windows.common-controls_6595b64144ccf1df_6.0.17134.1130_none_d3ff42617c90becf\COMCTL32.dll
0x00007ffab9140000 - 0x00007ffab91de000 	C:\WINDOWS\System32\msvcrt.dll
0x00007ffab8db0000 - 0x00007ffab90d1000 	C:\WINDOWS\System32\combase.dll
0x00007ffabb3d0000 - 0x00007ffabb4f4000 	C:\WINDOWS\System32\RPCRT4.dll
0x00007ffab8350000 - 0x00007ffab83c9000 	C:\WINDOWS\System32\bcryptPrimitives.dll
0x00007ffab99c0000 - 0x00007ffab99ed000 	C:\WINDOWS\System32\IMM32.DLL
0x00007ffab4520000 - 0x00007ffab4537000 	C:\Program Files\JetBrains\IntelliJ IDEA 2019.2.2\jbr\bin\vcruntime140.dll
0x00007ffa8ca40000 - 0x00007ffa8cadd000 	C:\Program Files\JetBrains\IntelliJ IDEA 2019.2.2\jbr\bin\msvcp140.dll
0x00007ffa617b0000 - 0x00007ffa62267000 	C:\Program Files\JetBrains\IntelliJ IDEA 2019.2.2\jbr\bin\server\jvm.dll
0x00007ffab8b60000 - 0x00007ffab8c01000 	C:\WINDOWS\System32\ADVAPI32.dll
0x00007ffabb370000 - 0x00007ffabb3cb000 	C:\WINDOWS\System32\sechost.dll
0x00007ffab9780000 - 0x00007ffab9788000 	C:\WINDOWS\System32\PSAPI.DLL
0x00007ffab3710000 - 0x00007ffab3733000 	C:\WINDOWS\SYSTEM32\WINMM.dll
0x00007ffaa2840000 - 0x00007ffaa2849000 	C:\WINDOWS\SYSTEM32\WSOCK32.dll
0x00007ffab6410000 - 0x00007ffab641a000 	C:\WINDOWS\SYSTEM32\VERSION.dll
0x00007ffab9790000 - 0x00007ffab97fc000 	C:\WINDOWS\System32\WS2_32.dll
0x00007ffab36a0000 - 0x00007ffab36ca000 	C:\WINDOWS\SYSTEM32\WINMMBASE.dll
0x00007ffab8950000 - 0x00007ffab8999000 	C:\WINDOWS\System32\cfgmgr32.dll
0x00007ffab7830000 - 0x00007ffab7841000 	C:\WINDOWS\System32\kernel.appcore.dll
0x00007ffaa0570000 - 0x00007ffaa0581000 	C:\Program Files\JetBrains\IntelliJ IDEA 2019.2.2\jbr\bin\verify.dll
0x00007ffaaa8a0000 - 0x00007ffaaaa69000 	C:\WINDOWS\SYSTEM32\DBGHELP.DLL
0x00007ffaa0100000 - 0x00007ffaa0129000 	C:\WINDOWS\SYSTEM32\dbgcore.DLL
0x00007ffa95c10000 - 0x00007ffa95c39000 	C:\Program Files\JetBrains\IntelliJ IDEA 2019.2.2\jbr\bin\java.dll
0x00007ffa87490000 - 0x00007ffa874a7000 	C:\Program Files\JetBrains\IntelliJ IDEA 2019.2.2\jbr\bin\zip.dll
0x00007ffaafb50000 - 0x00007ffaafb5b000 	C:\Program Files\JetBrains\IntelliJ IDEA 2019.2.2\jbr\bin\jimage.dll

dbghelp: loaded successfully - version: 4.0.5 - missing functions: none
symbol engine: initialized successfully - sym options: 0x614 - pdb path: .;C:\Program Files\JetBrains\IntelliJ IDEA 2019.2.2\jbr\bin;C:\WINDOWS\SYSTEM32;C:\WINDOWS\WinSxS\amd64_microsoft.windows.common-controls_6595b64144ccf1df_6.0.17134.1130_none_d3ff42617c90becf;C:\Program Files\JetBrains\IntelliJ IDEA 2019.2.2\jbr\bin\server

VM Arguments:
java_command: org.jetbrains.git4idea.http.GitAskPassApp Username for 'https://github.com': 
java_class_path (initial): C:/Program Files/JetBrains/IntelliJ IDEA 2019.2.2/plugins/git4idea/lib/git4idea-rt.jar;C:/Program Files/JetBrains/IntelliJ IDEA 2019.2.2/lib/xmlrpc-2.0.1.jar;C:/Program Files/JetBrains/IntelliJ IDEA 2019.2.2/lib/commons-codec-1.13.jar;C:/Program Files/JetBrains/IntelliJ IDEA 2019.2.2/lib/util.jar
Launcher Type: SUN_STANDARD

[Global flags]
     intx CICompilerCount                          = 4                                         {product} {ergonomic}
     uint ConcGCThreads                            = 2                                         {product} {ergonomic}
     uint G1ConcRefinementThreads                  = 8                                         {product} {ergonomic}
   size_t G1HeapRegionSize                         = 1048576                                   {product} {ergonomic}
    uintx GCDrainStackTargetSize                   = 64                                        {product} {ergonomic}
   size_t InitialHeapSize                          = 134217728                                 {product} {ergonomic}
   size_t MarkStackSize                            = 4194304                                   {product} {ergonomic}
   size_t MaxHeapSize                              = 2118123520                                {product} {ergonomic}
   size_t MinHeapDeltaBytes                        = 1048576                                   {product} {ergonomic}
    uintx NonNMethodCodeHeapSize                   = 5835340                                {pd product} {ergonomic}
    uintx NonProfiledCodeHeapSize                  = 122911450                              {pd product} {ergonomic}
    uintx ProfiledCodeHeapSize                     = 122911450                              {pd product} {ergonomic}
    uintx ReservedCodeCacheSize                    = 251658240                              {pd product} {ergonomic}
     bool SegmentedCodeCache                       = true                                      {product} {ergonomic}
     bool UseCompressedClassPointers               = true                                 {lp64_product} {ergonomic}
     bool UseCompressedOops                        = true                                 {lp64_product} {ergonomic}
     bool UseG1GC                                  = true                                      {product} {ergonomic}
     bool UseLargePagesIndividualAllocation        = false                                  {pd product} {ergonomic}

Logging:
Log output configuration:
 #0: stdout all=warning uptime,level,tags
 #1: stderr all=off uptime,level,tags

Environment Variables:
PATH=C:\Program Files\Git\mingw64\libexec\git-core;C:\Program Files\Git\mingw64\libexec\git-core;C:\Program Files\Git\mingw64\bin;C:\Program Files\Git\usr\bin;C:\Users\Kier\bin;C:\Program Files (x86)\Common Files\Oracle\Java\javapath;C:\Program Files (x86)\Intel\Intel(R) Management Engine Components\iCLS;C:\Program Files\Intel\Intel(R) Management Engine Components\iCLS;C:\WINDOWS\system32;C:\WINDOWS;C:\WINDOWS\System32\Wbem;C:\WINDOWS\System32\WindowsPowerShell\v1.0;C:\Program Files (x86)\Intel\Intel(R) Management Engine Components\DAL;C:\Program Files\Intel\Intel(R) Management Engine Components\DAL;C:\Program Files (x86)\Intel\Intel(R) Management Engine Components\IPT;C:\Program Files\Intel\Intel(R) Management Engine Components\IPT;C:\MinGW\bin;C:\WINDOWS\System32\OpenSSH;C:\cygwin\bin;C:\Program Files\Git\cmd;C:\Program Files\Java\jdk1.8.0_221\bin;C:\Users\Kier\AppData\Local\Microsoft\WindowsApps;C:\MinGW\bin;C:\ProgramData\Kier\atom\bin;C:\Users\Kier\AppData\Local\atom\bin;C:\Users\Kier\AppData\Local\Microsoft\WindowsApps;C:\Program Files\Sleuthkit\sleuthkit-win32-4.0.2\bin;C:\Program Files\Testdisk\testdisk-7.1-WIP;C:\Program Files\JetBrains\IntelliJ IDEA 2019.2.2\bin;C:\Program Files\Java\jdk-13.0.2\bin
USERNAME=Kier
DISPLAY=:0.0
OS=Windows_NT
PROCESSOR_IDENTIFIER=Intel64 Family 6 Model 142 Stepping 10, GenuineIntel



---------------  S Y S T E M  ---------------

OS: Windows 10 , 64 bit Build 17134 (10.0.17134.753)

CPU:total 8 (initial active 8) (4 cores per cpu, 2 threads per core) family 6 model 142 stepping 10, cmov, cx8, fxsr, mmx, sse, sse2, sse3, ssse3, sse4.1, sse4.2, popcnt, avx, avx2, aes, clmul, erms, 3dnowpref, lzcnt, ht, tsc, tscinvbit, bmi1, bmi2, adx, fma

Memory: 4k page, system-wide physical 8075M (1213M free)
TotalPageFile size 12083M (AvailPageFile size 85M)
current process WorkingSet (physical memory assigned to process): 9M, peak: 9M
current process commit charge ("private bytes"): 60M, peak: 188M

vm_info: OpenJDK 64-Bit Server VM (11.0.3+12-b304.56) for windows-amd64 JRE (11.0.3+12-b304.56), built on Sep  3 2019 10:54:25 by "" with MS VC++ 14.0 (VS2015)

END.
